# Preference setting overrides
gui_create_pref_key -category {Globals} -key {load_detail_for_funcov} -value_type {bool} -value {false}
gui_create_pref_category -category {schem_obj_name}
gui_create_pref_key -category {schem_obj_name} -key {show_cell_and_pin_with_symbol_name} -value_type {bool} -value {false}
gui_create_pref_key -category {schem_pin_hc} -key {textExtFont} -value_type {string} -value {Helvetica,10,-1,5,50,0,0,0,0,0}

# State setting overrides
gui_state_default_create -off -ini
gui_set_state_value -category Globals -key recent_sessions -value {{gui_load_session -ignore_errors -file /home/SIBIZAPPS/sdimitrov/Projects/test_fifo/DVEfiles//crash_07.11:12.53/dve_session07.11:12.53.tcl} {gui_load_session -ignore_errors -file /home/SIBIZAPPS/sdimitrov/Projects/test_fifo/DVEfiles//crash_07.10:17.26/dve_session07.10:17.26.tcl}}
gui_set_state_value -category Layout -key child_assertion_size_x -value 1784
gui_set_state_value -category Layout -key child_assertion_size_y -value 143
gui_set_state_value -category Layout -key child_console_docknewline -value false
gui_set_state_value -category Layout -key child_console_dockstate -value undocked
gui_set_state_value -category Layout -key child_console_pos_x -value {-2}
gui_set_state_value -category Layout -key child_console_pos_y -value {-15}
gui_set_state_value -category Layout -key child_console_showstate -value maximized
gui_set_state_value -category Layout -key child_console_size_x -value 1776
gui_set_state_value -category Layout -key child_console_size_y -value 769
gui_set_state_value -category Layout -key child_data_coltype -value 667
gui_set_state_value -category Layout -key child_data_colvalue -value 580
gui_set_state_value -category Layout -key child_data_colvariable -value 668
gui_set_state_value -category Layout -key child_data_docknewline -value false
gui_set_state_value -category Layout -key child_data_dockstate -value undocked
gui_set_state_value -category Layout -key child_data_pos_x -value {-2}
gui_set_state_value -category Layout -key child_data_pos_y -value {-15}
gui_set_state_value -category Layout -key child_data_showstate -value maximized
gui_set_state_value -category Layout -key child_data_size_x -value 1776
gui_set_state_value -category Layout -key child_data_size_y -value 743
gui_set_state_value -category Layout -key child_driver_size_x -value 1869
gui_set_state_value -category Layout -key child_driver_size_y -value 179
gui_set_state_value -category Layout -key child_hier_col3 -value {-1}
gui_set_state_value -category Layout -key child_hier_colhier -value 1018
gui_set_state_value -category Layout -key child_hier_colpd -value 0
gui_set_state_value -category Layout -key child_hier_coltype -value 894
gui_set_state_value -category Layout -key child_hier_docknewline -value false
gui_set_state_value -category Layout -key child_hier_dockstate -value undocked
gui_set_state_value -category Layout -key child_hier_pos_x -value {-2}
gui_set_state_value -category Layout -key child_hier_pos_y -value {-15}
gui_set_state_value -category Layout -key child_hier_showstate -value maximized
gui_set_state_value -category Layout -key child_hier_size_x -value 1776
gui_set_state_value -category Layout -key child_hier_size_y -value 743
gui_set_state_value -category Layout -key child_hier_sort_order -value 1
gui_set_state_value -category Layout -key child_memory_docknewline -value false
gui_set_state_value -category Layout -key child_memory_pos_x -value {-2}
gui_set_state_value -category Layout -key child_memory_pos_y -value {-15}
gui_set_state_value -category Layout -key child_memory_size_x -value 1821
gui_set_state_value -category Layout -key child_memory_size_y -value 788
gui_set_state_value -category Layout -key child_schematic_docknewline -value false
gui_set_state_value -category Layout -key child_schematic_pos_x -value {-2}
gui_set_state_value -category Layout -key child_schematic_pos_y -value {-15}
gui_set_state_value -category Layout -key child_schematic_size_x -value 1903
gui_set_state_value -category Layout -key child_schematic_size_y -value 870
gui_set_state_value -category Layout -key child_source_docknewline -value false
gui_set_state_value -category Layout -key child_source_pos_x -value {-2}
gui_set_state_value -category Layout -key child_source_pos_y -value {-15}
gui_set_state_value -category Layout -key child_source_size_x -value 1776
gui_set_state_value -category Layout -key child_source_size_y -value 743
gui_set_state_value -category Layout -key child_watch_size_x -value 657
gui_set_state_value -category Layout -key child_watch_size_y -value 143
gui_set_state_value -category Layout -key child_wave_colname -value 250
gui_set_state_value -category Layout -key child_wave_colvalue -value 250
gui_set_state_value -category Layout -key child_wave_docknewline -value false
gui_set_state_value -category Layout -key child_wave_left -value 504
gui_set_state_value -category Layout -key child_wave_pos_x -value {-2}
gui_set_state_value -category Layout -key child_wave_pos_y -value {-15}
gui_set_state_value -category Layout -key child_wave_right -value 1229
gui_set_state_value -category Layout -key child_wave_size_x -value 1789
gui_set_state_value -category Layout -key child_wave_size_y -value 669
gui_set_state_value -category Layout -key main_pos_x -value 74
gui_set_state_value -category Layout -key main_pos_y -value 121
gui_set_state_value -category Layout -key main_size_x -value 1845
gui_set_state_value -category Layout -key main_size_y -value 976
gui_set_state_value -category Layout -key stand_schematic_child_docknewline -value false
gui_set_state_value -category Layout -key stand_schematic_child_pos_x -value {-2}
gui_set_state_value -category Layout -key stand_schematic_child_pos_y -value {-15}
gui_set_state_value -category Layout -key stand_schematic_child_size_x -value 1284
gui_set_state_value -category Layout -key stand_schematic_child_size_y -value 607
gui_set_state_value -category Layout -key stand_schematic_top_pos_x -value 2
gui_set_state_value -category Layout -key stand_schematic_top_pos_y -value 77
gui_set_state_value -category Layout -key stand_schematic_top_size_x -value 1281
gui_set_state_value -category Layout -key stand_schematic_top_size_y -value 796
gui_set_state_value -category Layout -key stand_source_child_pos_x -value {-2}
gui_set_state_value -category Layout -key stand_source_child_pos_y -value {-15}
gui_set_state_value -category Layout -key stand_source_child_size_x -value 1804
gui_set_state_value -category Layout -key stand_source_child_size_y -value 771
gui_set_state_value -category Layout -key stand_wave_child_docknewline -value false
gui_set_state_value -category Layout -key stand_wave_child_pos_x -value {-2}
gui_set_state_value -category Layout -key stand_wave_child_pos_y -value {-15}
gui_set_state_value -category Layout -key stand_wave_child_size_x -value 1743
gui_set_state_value -category Layout -key stand_wave_child_size_y -value 766
gui_set_state_value -category Layout -key stand_wave_top_pos_x -value 119
gui_set_state_value -category Layout -key stand_wave_top_pos_y -value 172
gui_set_state_value -category Layout -key stand_wave_top_size_x -value 1857
gui_set_state_value -category Layout -key stand_wave_top_size_y -value 1050
gui_set_state_value -category Assertion -key show_assertion_type -value unattempted
gui_create_state_key -category FindDialog -key m_pMatchCase -value_type bool -value false
gui_create_state_key -category FindDialog -key m_pMatchWord -value_type bool -value false
gui_create_state_key -category FindDialog -key m_pUseCombo -value_type string -value {}
gui_create_state_key -category FindDialog -key m_pWrapAround -value_type bool -value true
gui_create_state_key -category Widget_History -key {dlgSimSetup|m_setupTab|tab pages|SimTab|m_VPDCombo} -value_type string -value inter.vpd
gui_create_state_key -category Widget_History -key {dlgSimSetup|m_setupTab|tab pages|SimTab|m_argsCombo} -value_type string -value {{-ucligui +v2k}}
gui_create_state_key -category Widget_History -key {dlgSimSetup|m_setupTab|tab pages|SimTab|m_curDirCombo} -value_type string -value /home/SIBIZAPPS/sdimitrov/Projects/testFifoUvm/comp
gui_create_state_key -category Widget_History -key {dlgSimSetup|m_setupTab|tab pages|SimTab|m_exeCombo} -value_type string -value /home/SIBIZAPPS/sdimitrov/Projects/testFifoUvm/comp/simv
gui_state_default_create -off

# Begin command logging
gui_set_pref_value -category {Globals} -key {smart_resize} -value {false}
gui_set_pref_value -category {Globals} -key {smart_resize} -value {true}
gui_sim_run Ucli -exe simv -args {-ucligui  +v2k} -dir .
gui_list_select -id Hier.1 -current_item_name top -current_item_type Scope  -selected  { top   }
gui_open_window Wave
gui_list_add -id Wave.1 -from Hier.1 { top } -insertionbar
gui_sim_continue  
gui_close_window -window TopLevel.2
gui_list_show_data -select -id  Hier.1   top
gui_list_expand -id  Hier.1   top
gui_list_select -id Hier.1 -current_item_name top.DUT -current_item_type Scope  -selected  { top.DUT   }
gui_open_window Wave
gui_list_add -id Wave.1 -from Hier.1 { top.DUT } -insertionbar
gui_sim_restart
gui_sim_continue  
gui_list_select -id Wave.1 -selected  { {top.DUT.next[2:0]}   }
gui_close_window -window TopLevel.2
